c:\users\ramzi\desktop\circuit\circuit_bille\circuit\temp\debug\exemple\vc142.pdb
c:\users\ramzi\desktop\circuit\circuit_bille\circuit\temp\debug\exemple\vc142.idb
c:\users\ramzi\desktop\circuit\circuit_bille\circuit\temp\debug\exemple\chargepngfile.obj
c:\users\ramzi\desktop\circuit\circuit_bille\circuit\temp\debug\exemple\espace3uc.obj
c:\users\ramzi\desktop\circuit\circuit_bille\circuit\temp\debug\exemple\image.obj
c:\users\ramzi\desktop\circuit\circuit_bille\circuit\temp\debug\exemple\imageutils.obj
c:\users\ramzi\desktop\circuit\circuit_bille\circuit\temp\debug\exemple\pngfile.obj
c:\users\ramzi\desktop\circuit\circuit_bille\circuit\temp\debug\exemple\balle.obj
c:\users\ramzi\desktop\circuit\circuit_bille\circuit\temp\debug\exemple\ch3d.obj
c:\users\ramzi\desktop\circuit\circuit_bille\circuit\temp\debug\exemple\pos3d.obj
c:\users\ramzi\desktop\circuit\circuit_bille\circuit\temp\debug\exemple\inflate.obj
c:\users\ramzi\desktop\circuit\circuit_bille\circuit\temp\debug\exemple\inftrees.obj
c:\users\ramzi\desktop\circuit\circuit_bille\circuit\temp\debug\exemple\png.obj
c:\users\ramzi\desktop\circuit\circuit_bille\circuit\temp\debug\exemple\pngerror.obj
c:\users\ramzi\desktop\circuit\circuit_bille\circuit\temp\debug\exemple\pngget.obj
c:\users\ramzi\desktop\circuit\circuit_bille\circuit\temp\debug\exemple\pngmem.obj
c:\users\ramzi\desktop\circuit\circuit_bille\circuit\temp\debug\exemple\pngpread.obj
c:\users\ramzi\desktop\circuit\circuit_bille\circuit\temp\debug\exemple\pngread.obj
c:\users\ramzi\desktop\circuit\circuit_bille\circuit\temp\debug\exemple\pngrio.obj
c:\users\ramzi\desktop\circuit\circuit_bille\circuit\temp\debug\exemple\pngrtran.obj
c:\users\ramzi\desktop\circuit\circuit_bille\circuit\temp\debug\exemple\pngrutil.obj
c:\users\ramzi\desktop\circuit\circuit_bille\circuit\temp\debug\exemple\pngset.obj
c:\users\ramzi\desktop\circuit\circuit_bille\circuit\temp\debug\exemple\pngtrans.obj
c:\users\ramzi\desktop\circuit\circuit_bille\circuit\temp\debug\exemple\pngwio.obj
c:\users\ramzi\desktop\circuit\circuit_bille\circuit\temp\debug\exemple\pngwrite.obj
c:\users\ramzi\desktop\circuit\circuit_bille\circuit\temp\debug\exemple\pngwtran.obj
c:\users\ramzi\desktop\circuit\circuit_bille\circuit\temp\debug\exemple\pngwutil.obj
c:\users\ramzi\desktop\circuit\circuit_bille\circuit\temp\debug\exemple\trees.obj
c:\users\ramzi\desktop\circuit\circuit_bille\circuit\temp\debug\exemple\uncompr.obj
c:\users\ramzi\desktop\circuit\circuit_bille\circuit\temp\debug\exemple\zutil.obj
c:\users\ramzi\desktop\circuit\circuit_bille\circuit\temp\debug\exemple\adler32.obj
c:\users\ramzi\desktop\circuit\circuit_bille\circuit\temp\debug\exemple\compress.obj
c:\users\ramzi\desktop\circuit\circuit_bille\circuit\temp\debug\exemple\crc32.obj
c:\users\ramzi\desktop\circuit\circuit_bille\circuit\temp\debug\exemple\deflate.obj
c:\users\ramzi\desktop\circuit\circuit_bille\circuit\temp\debug\exemple\gzio.obj
c:\users\ramzi\desktop\circuit\circuit_bille\circuit\temp\debug\exemple\infback.obj
c:\users\ramzi\desktop\circuit\circuit_bille\circuit\temp\debug\exemple\inffast.obj
c:\users\ramzi\desktop\circuit\circuit_bille\circuit\temp\debug\exemple\circuit.obj
c:\users\ramzi\desktop\circuit\circuit_bille\circuit\temp\debug\exemple\exemple.ilk
c:\users\ramzi\desktop\circuit\circuit_bille\circuit\temp\debug\exemple\exemple.exe
c:\users\ramzi\desktop\circuit\circuit_bille\circuit\temp\debug\exemple\exemple.pdb
c:\users\ramzi\desktop\circuit\circuit_bille\circuit\temp\debug\exemple\exemple.tlog\cl.command.1.tlog
c:\users\ramzi\desktop\circuit\circuit_bille\circuit\temp\debug\exemple\exemple.tlog\cl.read.1.tlog
c:\users\ramzi\desktop\circuit\circuit_bille\circuit\temp\debug\exemple\exemple.tlog\cl.write.1.tlog
c:\users\ramzi\desktop\circuit\circuit_bille\circuit\temp\debug\exemple\exemple.tlog\link.command.1.tlog
c:\users\ramzi\desktop\circuit\circuit_bille\circuit\temp\debug\exemple\exemple.tlog\link.read.1.tlog
c:\users\ramzi\desktop\circuit\circuit_bille\circuit\temp\debug\exemple\exemple.tlog\link.write.1.tlog
